#
# A fatal error has been detected by the Java Runtime Environment:
#
#  SIGSEGV (0xb) at pc=0x00007fff8d811e5d, pid=6281, tid=2571
#
# JRE version: Java(TM) SE Runtime Environment (8.0_25-b17) (build 1.8.0_25-b17)
# Java VM: Java HotSpot(TM) 64-Bit Server VM (25.25-b02 mixed mode bsd-amd64 compressed oops)
# Problematic frame:
# C  [libobjc.A.dylib+0x7e5d]  objc_msgSend+0x1d
#
# Failed to write core dump. Core dumps have been disabled. To enable core dumping, try "ulimit -c unlimited" before starting Java again
#
# If you would like to submit a bug report, please visit:
#   http://bugreport.sun.com/bugreport/crash.jsp
# The crash happened outside the Java Virtual Machine in native code.
# See problematic frame for where to report the bug.
#

---------------  T H R E A D  ---------------

Current thread (0x00007fefbc89f800):  JavaThread "AppKit Thread" daemon [_thread_in_native, id=2571, stack(0x00007fff540ff000,0x00007fff548ff000)]

siginfo: si_signo: 11 (SIGSEGV), si_code: 1 (SEGV_MAPERR), si_addr: 0x000007fefbb74d90

Registers:
RAX=0x0000000000000000, RBX=0x00007fefbb461a40, RCX=0x000000012aaf2ce0, RDX=0x0000000000000000
RSP=0x00007fff548fa528, RBP=0x00007fff548fa550, RSI=0x00007fff94774ce1, RDI=0x00007fefbb74db90
R8 =0x00007fefbe87b800, R9 =0xffffffffffffffff, R10=0x00007fff94774ce1, R11=0x000007fefbb74d78
R12=0x0000000000000094, R13=0x00007fefbe02bb00, R14=0x00007fefbb74db90, R15=0x0000000000000000
RIP=0x00007fff8d811e5d, EFLAGS=0x0000000000010206, ERR=0x0000000000000004
  TRAPNO=0x000000000000000e

Top of Stack: (sp=0x00007fff548fa528)
0x00007fff548fa528:   000000012cc8b598 00007fefbb461a40
0x00007fff548fa538:   000000012ccbfc60 00007fefbe02bb00
0x00007fff548fa548:   00007fefbb461a40 00007fff548faa30
0x00007fff548fa558:   00007fff93e96b5b 0000000000000000
0x00007fff548fa568:   0000000000000000 4084000000000000
0x00007fff548fa578:   407e000000000000 0000000000000000
0x00007fff548fa588:   0000000000000000 4084000000000000
0x00007fff548fa598:   407e000000000000 0000000000000000
0x00007fff548fa5a8:   0000000000000000 4084000000000000
0x00007fff548fa5b8:   407f600000000000 401c000000000000
0x00007fff548fa5c8:   407e300000000000 0000000000000000
0x00007fff548fa5d8:   0000000000000000 00007fff94734242
0x00007fff548fa5e8:   407e300000000000 402c000000000000
0x00007fff548fa5f8:   00007fefbb463c60 0000000100000000
0x00007fff548fa608:   0000000000000000 00007fefbe02c280
0x00007fff548fa618:   0000000000000000 0000000000000000
0x00007fff548fa628:   00007fff548fa700 00007fff548fa780
0x00007fff548fa638:   00007fff93f59d5e 401c000000000000
0x00007fff548fa648:   407e300000000000 00007fff548fa780
0x00007fff548fa658:   00007fff93f5bb30 401c000000000000
0x00007fff548fa668:   407e300000000000 402c000000000000
0x00007fff548fa678:   4030000000000000 0000000000000000
0x00007fff548fa688:   0000000000000000 4084000000000000
0x00007fff548fa698:   407f600000000000 401c000000000000
0x00007fff548fa6a8:   407e300000000000 402c000000000000
0x00007fff548fa6b8:   4030000000000000 0000000000000000
0x00007fff548fa6c8:   0000000000000000 000000010b31ea00
0x00007fff548fa6d8:   0000000000000006 00007fefbb76ea80
0x00007fff548fa6e8:   0000000000000000 00000000000006ea
0x00007fff548fa6f8:   000000010b31b000 00007fff548fa7a0
0x00007fff548fa708:   00007fff91cb9ddc 0000000000000000
0x00007fff548fa718:   0000000000000000 00000000000006eb 

Instructions: (pc=0x00007fff8d811e5d)
0x00007fff8d811e3d:   44 00 00 48 85 ff 2e 74 62 40 f6 c7 01 2e 75 66
0x00007fff8d811e4d:   49 bb f8 ff ff ff ff 7f 00 00 4c 23 1f 49 89 f2
0x00007fff8d811e5d:   45 23 53 18 49 c1 e2 04 4d 03 53 10 49 3b 32 75
0x00007fff8d811e6d:   04 41 ff 62 08 49 83 3a 01 76 0d 49 83 c2 10 49 

Register to memory mapping:

RAX=0x0000000000000000 is an unknown value
RBX=0x00007fefbb461a40 is an unknown value
RCX=0x000000012aaf2ce0 is an unknown value
RDX=0x0000000000000000 is an unknown value
RSP=0x00007fff548fa528 is pointing into the stack for thread: 0x00007fefbc89f800
RBP=0x00007fff548fa550 is pointing into the stack for thread: 0x00007fefbc89f800
RSI=0x00007fff94774ce1: -[NSTitlebarContainerView transparent]+0x63053 in /System/Library/Frameworks/AppKit.framework/Versions/C/AppKit at 0x00007fff93cee000
RDI=0x00007fefbb74db90 is an unknown value
R8 =0x00007fefbe87b800 is an unknown value
R9 =0xffffffffffffffff is an unknown value
R10=0x00007fff94774ce1: -[NSTitlebarContainerView transparent]+0x63053 in /System/Library/Frameworks/AppKit.framework/Versions/C/AppKit at 0x00007fff93cee000
R11=0x000007fefbb74d78 is an unknown value
R12=0x0000000000000094 is an unknown value
R13=0x00007fefbe02bb00 is an unknown value
R14=0x00007fefbb74db90 is an unknown value
R15=0x0000000000000000 is an unknown value


Stack: [0x00007fff540ff000,0x00007fff548ff000],  sp=0x00007fff548fa528,  free space=8173k
Native frames: (J=compiled Java code, j=interpreted, Vv=VM code, C=native code)
C  [libobjc.A.dylib+0x7e5d]  objc_msgSend+0x1d
C  [AppKit+0x1a8b5b]  -[NSView _recursiveDisplayRectIfNeededIgnoringOpacity:isVisibleRect:rectIsVisibleRectForView:topView:]+0x6e2
C  [AppKit+0x1a9b49]  -[NSView _recursiveDisplayRectIfNeededIgnoringOpacity:isVisibleRect:rectIsVisibleRectForView:topView:]+0x16d0
C  [AppKit+0x1a7fa4]  -[NSThemeFrame _recursiveDisplayRectIfNeededIgnoringOpacity:isVisibleRect:rectIsVisibleRectForView:topView:]+0x14e
C  [AppKit+0x1a63af]  -[NSView _displayRectIgnoringOpacity:isVisibleRect:rectIsVisibleRectForView:]+0x991
C  [AppKit+0x1a17bd]  -[NSView displayIfNeeded]+0x79e
C  [AppKit+0x1a1004]  -[NSWindow displayIfNeeded]+0xe8
C  [AppKit+0x81f50a]  ___NSWindowGetDisplayCycleObserver_block_invoke6323+0x1dc
C  [AppKit+0x1a099f]  __37+[NSDisplayCycle currentDisplayCycle]_block_invoke+0x2e2
C  [QuartzCore+0x1191d]  CA::Transaction::run_commit_handlers(CATransactionPhase)+0x55
C  [QuartzCore+0x10dd8]  CA::Context::commit_transaction(CA::Transaction*)+0xa0
C  [QuartzCore+0x10a98]  CA::Transaction::commit()+0x1fc
C  [QuartzCore+0x1c28f]  CA::Transaction::observer_callback(__CFRunLoopObserver*, unsigned long, void*)+0x47
C  [CoreFoundation+0xa9e07]  __CFRUNLOOP_IS_CALLING_OUT_TO_AN_OBSERVER_CALLBACK_FUNCTION__+0x17
C  [CoreFoundation+0xa9d77]  __CFRunLoopDoObservers+0x187
C  [CoreFoundation+0x88d58]  CFRunLoopRunSpecific+0x148
C  [HIToolbox+0x30d55]  RunCurrentEventLoopInMode+0xeb
C  [HIToolbox+0x30a97]  ReceiveNextEventCommon+0xb8
C  [HIToolbox+0x309cf]  _BlockUntilNextEventMatchingListInModeWithFilter+0x47
C  [AppKit+0x49236]  _DPSNextEvent+0x42b
C  [AppKit+0x48665]  -[NSApplication _nextEventMatchingEventMask:untilDate:inMode:dequeue:]+0x1c6
C  [libosxapp.dylib+0x242a]  -[NSApplicationAWT nextEventMatchingMask:untilDate:inMode:dequeue:]+0x7c
C  [AppKit+0x3d1c8]  -[NSApplication run]+0x2aa
C  [libosxapp.dylib+0x223e]  +[NSApplicationAWT runAWTLoopWithApp:]+0x9c
C  [libawt_lwawt.dylib+0x4494f]  -[AWTStarter starter:]+0x389
C  [Foundation+0x7754e]  __NSThreadPerformPerform+0x117
C  [CoreFoundation+0xaa621]  __CFRUNLOOP_IS_CALLING_OUT_TO_A_SOURCE0_PERFORM_FUNCTION__+0x11
C  [CoreFoundation+0x89e1c]  __CFRunLoopDoSources0+0x22c
C  [CoreFoundation+0x8933f]  __CFRunLoopRun+0x39f
C  [CoreFoundation+0x88d38]  CFRunLoopRunSpecific+0x128
C  [java+0x56cc]  CreateExecutionEnvironment+0x367
C  [java+0x165c]  JLI_Launch+0x7a0
C  [java+0x768a]  main+0x65
C  [java+0xeb4]  start+0x34
C  0x0000000000000006


---------------  P R O C E S S  ---------------

Java Threads: ( => current thread )
  0x00007fefbd880800 JavaThread "AWT-Shutdown" [_thread_blocked, id=4875, stack(0x0000700000d3e000,0x0000700000e3e000)]
=>0x00007fefbc89f800 JavaThread "AppKit Thread" daemon [_thread_in_native, id=2571, stack(0x00007fff540ff000,0x00007fff548ff000)]
  0x00007fefbe839000 JavaThread "Service Thread" daemon [_thread_blocked, id=21251, stack(0x0000700001353000,0x0000700001453000)]
  0x00007fefbe80e800 JavaThread "C1 CompilerThread3" daemon [_thread_blocked, id=20739, stack(0x0000700001250000,0x0000700001350000)]
  0x00007fefbb80f800 JavaThread "C2 CompilerThread2" daemon [_thread_blocked, id=20227, stack(0x000070000114d000,0x000070000124d000)]
  0x00007fefbc87f800 JavaThread "C2 CompilerThread1" daemon [_thread_blocked, id=19715, stack(0x000070000104a000,0x000070000114a000)]
  0x00007fefbc82d000 JavaThread "C2 CompilerThread0" daemon [_thread_blocked, id=19203, stack(0x0000700000f47000,0x0000700001047000)]
  0x00007fefbd82e800 JavaThread "Signal Dispatcher" daemon [_thread_blocked, id=14867, stack(0x0000700000e44000,0x0000700000f44000)]
  0x00007fefbe808800 JavaThread "Finalizer" daemon [_thread_blocked, id=14339, stack(0x0000700000c3b000,0x0000700000d3b000)]
  0x00007fefbe808000 JavaThread "Reference Handler" daemon [_thread_blocked, id=13827, stack(0x0000700000b38000,0x0000700000c38000)]
  0x00007fefbd001000 JavaThread "main" [_thread_in_native, id=5891, stack(0x000070000011a000,0x000070000021a000)]

Other Threads:
  0x00007fefbb80f000 VMThread [stack: 0x0000700000a35000,0x0000700000b35000] [id=13315]
  0x00007fefbe80c000 WatcherThread [stack: 0x0000700001456000,0x0000700001556000] [id=21763]

VM state:not at safepoint (normal execution)

VM Mutex/Monitor currently owned by a thread: None

Heap:
 PSYoungGen      total 76288K, used 10487K [0x000000076ab00000, 0x0000000770000000, 0x00000007c0000000)
  eden space 65536K, 16% used [0x000000076ab00000,0x000000076b53de88,0x000000076eb00000)
  from space 10752K, 0% used [0x000000076f580000,0x000000076f580000,0x0000000770000000)
  to   space 10752K, 0% used [0x000000076eb00000,0x000000076eb00000,0x000000076f580000)
 ParOldGen       total 175104K, used 0K [0x00000006c0000000, 0x00000006cab00000, 0x000000076ab00000)
  object space 175104K, 0% used [0x00000006c0000000,0x00000006c0000000,0x00000006cab00000)
 Metaspace       used 5714K, capacity 5845K, committed 6016K, reserved 1056768K
  class space    used 579K, capacity 629K, committed 640K, reserved 1048576K

Card table byte_map: [0x000000011c8dc000,0x000000011d0dd000] byte_map_base: 0x00000001192dc000

Marking Bits: (ParMarkBitMap*) 0x000000010ce9d390
 Begin Bits: [0x000000011d633000, 0x0000000121633000)
 End Bits:   [0x0000000121633000, 0x0000000125633000)

Polling page: 0x000000010b5c2000

CodeCache: size=245760Kb used=2027Kb max_used=2038Kb free=243732Kb
 bounds [0x000000010d51c000, 0x000000010d78c000, 0x000000011c51c000]
 total_blobs=798 nmethods=459 adapters=254
 compilation: enabled

Compilation events (10 events):
Event: 11.463 Thread 0x00007fefbe80e800  453       3       java.nio.Bits::putInt (20 bytes)
Event: 11.463 Thread 0x00007fefbe80e800 nmethod 453 0x000000010d716150 code [0x000000010d7162c0, 0x000000010d7164b8]
Event: 12.045 Thread 0x00007fefbe80e800  456       3       sun.awt.AWTAutoShutdown::getInstance (4 bytes)
Event: 12.046 Thread 0x00007fefbe80e800 nmethod 456 0x000000010d7157d0 code [0x000000010d715920, 0x000000010d715a50]
Event: 12.046 Thread 0x00007fefbe80e800  457   !   3       sun.awt.AWTAutoShutdown::setToolkitBusy (124 bytes)
Event: 12.046 Thread 0x00007fefbe80e800 nmethod 457 0x000000010d714990 code [0x000000010d714b60, 0x000000010d7153e8]
Event: 12.114 Thread 0x00007fefbe80e800  458       3       java.nio.HeapByteBuffer::put (16 bytes)
Event: 12.114 Thread 0x00007fefbe80e800 nmethod 458 0x000000010d717290 code [0x000000010d717420, 0x000000010d7177c8]
Event: 12.397 Thread 0x00007fefbb80f800  459       4       java.nio.DirectByteBuffer::put (18 bytes)
Event: 12.398 Thread 0x00007fefbb80f800 nmethod 459 0x000000010d6f9f90 code [0x000000010d6fa0e0, 0x000000010d6fa178]

GC Heap History (0 events):
No events

Deoptimization events (0 events):
No events

Internal exceptions (10 events):
Event: 0.361 Thread 0x00007fefbd001000 Exception <a 'java/security/PrivilegedActionException'> (0x000000076b1a04f0) thrown at [/HUDSON3/workspace/8-2-build-macosx-x86_64/jdk8u25/1514/hotspot/src/share/vm/prims/jvm.cpp, line 1312]
Event: 0.414 Thread 0x00007fefbd001000 Exception <a 'java/security/PrivilegedActionException'> (0x000000076b214448) thrown at [/HUDSON3/workspace/8-2-build-macosx-x86_64/jdk8u25/1514/hotspot/src/share/vm/prims/jvm.cpp, line 1312]
Event: 0.415 Thread 0x00007fefbd001000 Exception <a 'java/security/PrivilegedActionException'> (0x000000076b217288) thrown at [/HUDSON3/workspace/8-2-build-macosx-x86_64/jdk8u25/1514/hotspot/src/share/vm/prims/jvm.cpp, line 1312]
Event: 0.428 Thread 0x00007fefbd001000 Exception <a 'java/security/PrivilegedActionException'> (0x000000076b219b00) thrown at [/HUDSON3/workspace/8-2-build-macosx-x86_64/jdk8u25/1514/hotspot/src/share/vm/prims/jvm.cpp, line 1312]
Event: 0.429 Thread 0x00007fefbd001000 Exception <a 'java/security/PrivilegedActionException'> (0x000000076b21efa8) thrown at [/HUDSON3/workspace/8-2-build-macosx-x86_64/jdk8u25/1514/hotspot/src/share/vm/prims/jvm.cpp, line 1312]
Event: 0.429 Thread 0x00007fefbd001000 Exception <a 'java/security/PrivilegedActionException'> (0x000000076b2218e8) thrown at [/HUDSON3/workspace/8-2-build-macosx-x86_64/jdk8u25/1514/hotspot/src/share/vm/prims/jvm.cpp, line 1312]
Event: 0.432 Thread 0x00007fefbd001000 Exception <a 'java/security/PrivilegedActionException'> (0x000000076b223fe0) thrown at [/HUDSON3/workspace/8-2-build-macosx-x86_64/jdk8u25/1514/hotspot/src/share/vm/prims/jvm.cpp, line 1312]
Event: 0.458 Thread 0x00007fefbd001000 Exception <a 'java/security/PrivilegedActionException'> (0x000000076b226930) thrown at [/HUDSON3/workspace/8-2-build-macosx-x86_64/jdk8u25/1514/hotspot/src/share/vm/prims/jvm.cpp, line 1312]
Event: 0.459 Thread 0x00007fefbd001000 Exception <a 'java/security/PrivilegedActionException'> (0x000000076b229c90) thrown at [/HUDSON3/workspace/8-2-build-macosx-x86_64/jdk8u25/1514/hotspot/src/share/vm/prims/jvm.cpp, line 1312]
Event: 12.397 Thread 0x00007fefbd001000 Exception <a 'java/security/PrivilegedActionException'> (0x000000076b45d720) thrown at [/HUDSON3/workspace/8-2-build-macosx-x86_64/jdk8u25/1514/hotspot/src/share/vm/prims/jvm.cpp, line 1312]

Events (10 events):
Event: 3.025 Thread 0x00007fefbd001000 DEOPT UNPACKING pc=0x000000010d563373 sp=0x0000700000219480 mode 0
Event: 4.102 Executing VM operation: EnableBiasedLocking
Event: 4.102 Executing VM operation: EnableBiasedLocking done
Event: 5.193 Thread 0x00007fefbd880800 Thread added: 0x00007fefbd880800
Event: 6.199 Executing VM operation: RevokeBias
Event: 6.199 Executing VM operation: RevokeBias done
Event: 6.199 Thread 0x00007fefbd880800 Thread exited: 0x00007fefbd880800
Event: 11.444 Thread 0x00007fefbd880800 Thread added: 0x00007fefbd880800
Event: 12.397 loading class org/lwjgl/opengl/CallbackUtil
Event: 12.397 loading class org/lwjgl/opengl/CallbackUtil done


Dynamic libraries:
0x000000000981c000 	/System/Library/Frameworks/Cocoa.framework/Versions/A/Cocoa
0x000000000981c000 	/System/Library/Frameworks/Security.framework/Versions/A/Security
0x000000000981c000 	/System/Library/Frameworks/ApplicationServices.framework/Versions/A/ApplicationServices
0x000000000981c000 	/usr/lib/libz.1.dylib
0x000000000981c000 	/usr/lib/libSystem.B.dylib
0x000000000981c000 	/usr/lib/libobjc.A.dylib
0x000000000981c000 	/System/Library/Frameworks/CoreFoundation.framework/Versions/A/CoreFoundation
0x000000000981c000 	/System/Library/Frameworks/Foundation.framework/Versions/C/Foundation
0x000000000981c000 	/System/Library/Frameworks/AppKit.framework/Versions/C/AppKit
0x000000000981c000 	/System/Library/Frameworks/CoreData.framework/Versions/A/CoreData
0x000000000981c000 	/System/Library/PrivateFrameworks/RemoteViewServices.framework/Versions/A/RemoteViewServices
0x000000000981c000 	/System/Library/PrivateFrameworks/UIFoundation.framework/Versions/A/UIFoundation
0x000000000981c000 	/usr/lib/libScreenReader.dylib
0x000000000981c000 	/System/Library/Frameworks/Accelerate.framework/Versions/A/Accelerate
0x000000000981c000 	/System/Library/Frameworks/IOSurface.framework/Versions/A/IOSurface
0x000000000981c000 	/System/Library/Frameworks/AudioToolbox.framework/Versions/A/AudioToolbox
0x000000000981c000 	/System/Library/Frameworks/AudioUnit.framework/Versions/A/AudioUnit
0x000000000981c000 	/System/Library/PrivateFrameworks/DataDetectorsCore.framework/Versions/A/DataDetectorsCore
0x000000000981c000 	/System/Library/PrivateFrameworks/DesktopServicesPriv.framework/Versions/A/DesktopServicesPriv
0x000000000981c000 	/System/Library/Frameworks/Carbon.framework/Versions/A/Frameworks/HIToolbox.framework/Versions/A/HIToolbox
0x000000000981c000 	/System/Library/Frameworks/QuartzCore.framework/Versions/A/QuartzCore
0x000000000981c000 	/System/Library/Frameworks/Carbon.framework/Versions/A/Frameworks/SpeechRecognition.framework/Versions/A/SpeechRecognition
0x000000000981c000 	/usr/lib/libauto.dylib
0x000000000981c000 	/usr/lib/libicucore.A.dylib
0x000000000981c000 	/usr/lib/libxml2.2.dylib
0x000000000981c000 	/System/Library/PrivateFrameworks/CoreUI.framework/Versions/A/CoreUI
0x000000000981c000 	/System/Library/Frameworks/CoreAudio.framework/Versions/A/CoreAudio
0x000000000981c000 	/System/Library/Frameworks/DiskArbitration.framework/Versions/A/DiskArbitration
0x000000000981c000 	/usr/lib/liblangid.dylib
0x000000000981c000 	/System/Library/PrivateFrameworks/MultitouchSupport.framework/Versions/A/MultitouchSupport
0x000000000981c000 	/System/Library/Frameworks/IOKit.framework/Versions/A/IOKit
0x000000000981c000 	/usr/lib/libDiagnosticMessagesClient.dylib
0x000000000981c000 	/System/Library/Frameworks/CoreServices.framework/Versions/A/CoreServices
0x000000000981c000 	/System/Library/PrivateFrameworks/PerformanceAnalysis.framework/Versions/A/PerformanceAnalysis
0x000000000981c000 	/System/Library/PrivateFrameworks/GenerationalStorage.framework/Versions/A/GenerationalStorage
0x000000000981c000 	/System/Library/Frameworks/OpenGL.framework/Versions/A/OpenGL
0x000000000981c000 	/System/Library/PrivateFrameworks/Sharing.framework/Versions/A/Sharing
0x000000000981c000 	/System/Library/Frameworks/CoreGraphics.framework/Versions/A/CoreGraphics
0x000000000981c000 	/System/Library/Frameworks/CoreImage.framework/Versions/A/CoreImage
0x000000000981c000 	/System/Library/Frameworks/CoreText.framework/Versions/A/CoreText
0x000000000981c000 	/System/Library/Frameworks/ImageIO.framework/Versions/A/ImageIO
0x000000000981c000 	/System/Library/PrivateFrameworks/Backup.framework/Versions/A/Backup
0x000000000981c000 	/usr/lib/libextension.dylib
0x000000000981c000 	/usr/lib/libarchive.2.dylib
0x000000000981c000 	/System/Library/Frameworks/CFNetwork.framework/Versions/A/CFNetwork
0x000000000981c000 	/System/Library/Frameworks/SystemConfiguration.framework/Versions/A/SystemConfiguration
0x000000000981c000 	/usr/lib/libCRFSuite.dylib
0x000000000981c000 	/usr/lib/libc++.1.dylib
0x000000000981c000 	/usr/lib/libc++abi.dylib
0x000000000981c000 	/usr/lib/system/libcache.dylib
0x000000000981c000 	/usr/lib/system/libcommonCrypto.dylib
0x000000000981c000 	/usr/lib/system/libcompiler_rt.dylib
0x000000000981c000 	/usr/lib/system/libcopyfile.dylib
0x000000000981c000 	/usr/lib/system/libcorecrypto.dylib
0x000000000981c000 	/usr/lib/system/libdispatch.dylib
0x000000000981c000 	/usr/lib/system/libdyld.dylib
0x000000000981c000 	/usr/lib/system/libkeymgr.dylib
0x000000000981c000 	/usr/lib/system/liblaunch.dylib
0x000000000981c000 	/usr/lib/system/libmacho.dylib
0x000000000981c000 	/usr/lib/system/libquarantine.dylib
0x000000000981c000 	/usr/lib/system/libremovefile.dylib
0x000000000981c000 	/usr/lib/system/libsystem_asl.dylib
0x000000000981c000 	/usr/lib/system/libsystem_blocks.dylib
0x000000000981c000 	/usr/lib/system/libsystem_c.dylib
0x000000000981c000 	/usr/lib/system/libsystem_configuration.dylib
0x000000000981c000 	/usr/lib/system/libsystem_coreservices.dylib
0x000000000981c000 	/usr/lib/system/libsystem_coretls.dylib
0x000000000981c000 	/usr/lib/system/libsystem_dnssd.dylib
0x000000000981c000 	/usr/lib/system/libsystem_info.dylib
0x000000000981c000 	/usr/lib/system/libsystem_kernel.dylib
0x000000000981c000 	/usr/lib/system/libsystem_m.dylib
0x000000000981c000 	/usr/lib/system/libsystem_malloc.dylib
0x000000000981c000 	/usr/lib/system/libsystem_network.dylib
0x000000000981c000 	/usr/lib/system/libsystem_networkextension.dylib
0x000000000981c000 	/usr/lib/system/libsystem_notify.dylib
0x000000000981c000 	/usr/lib/system/libsystem_platform.dylib
0x000000000981c000 	/usr/lib/system/libsystem_pthread.dylib
0x000000000981c000 	/usr/lib/system/libsystem_sandbox.dylib
0x000000000981c000 	/usr/lib/system/libsystem_secinit.dylib
0x000000000981c000 	/usr/lib/system/libsystem_trace.dylib
0x000000000981c000 	/usr/lib/system/libunc.dylib
0x000000000981c000 	/usr/lib/system/libunwind.dylib
0x000000000981c000 	/usr/lib/system/libxpc.dylib
0x000000000981c000 	/usr/lib/libenergytrace.dylib
0x000000000981c000 	/usr/lib/libbsm.0.dylib
0x000000000981c000 	/usr/lib/system/libkxld.dylib
0x000000000981c000 	/usr/lib/libxar.1.dylib
0x000000000981c000 	/usr/lib/libsqlite3.dylib
0x000000000981c000 	/usr/lib/libpam.2.dylib
0x000000000981c000 	/usr/lib/libOpenScriptingUtil.dylib
0x000000000981c000 	/usr/lib/libbz2.1.0.dylib
0x000000000981c000 	/usr/lib/liblzma.5.dylib
0x000000000981c000 	/System/Library/Frameworks/CoreServices.framework/Versions/A/Frameworks/FSEvents.framework/Versions/A/FSEvents
0x000000000981c000 	/System/Library/Frameworks/CoreServices.framework/Versions/A/Frameworks/CarbonCore.framework/Versions/A/CarbonCore
0x000000000981c000 	/System/Library/Frameworks/CoreServices.framework/Versions/A/Frameworks/Metadata.framework/Versions/A/Metadata
0x000000000981c000 	/System/Library/Frameworks/CoreServices.framework/Versions/A/Frameworks/OSServices.framework/Versions/A/OSServices
0x000000000981c000 	/System/Library/Frameworks/CoreServices.framework/Versions/A/Frameworks/SearchKit.framework/Versions/A/SearchKit
0x000000000981c000 	/System/Library/Frameworks/CoreServices.framework/Versions/A/Frameworks/AE.framework/Versions/A/AE
0x000000000981c000 	/System/Library/Frameworks/CoreServices.framework/Versions/A/Frameworks/LaunchServices.framework/Versions/A/LaunchServices
0x000000000981c000 	/System/Library/Frameworks/CoreServices.framework/Versions/A/Frameworks/DictionaryServices.framework/Versions/A/DictionaryServices
0x000000000981c000 	/System/Library/Frameworks/CoreServices.framework/Versions/A/Frameworks/SharedFileList.framework/Versions/A/SharedFileList
0x000000000981c000 	/System/Library/Frameworks/NetFS.framework/Versions/A/NetFS
0x000000000981c000 	/System/Library/PrivateFrameworks/NetAuth.framework/Versions/A/NetAuth
0x000000000981c000 	/System/Library/PrivateFrameworks/login.framework/Versions/A/Frameworks/loginsupport.framework/Versions/A/loginsupport
0x000000000981c000 	/System/Library/PrivateFrameworks/TCC.framework/Versions/A/TCC
0x000000000981c000 	/usr/lib/libmecabra.dylib
0x000000000981c000 	/System/Library/Frameworks/ApplicationServices.framework/Versions/A/Frameworks/ATS.framework/Versions/A/ATS
0x000000000981c000 	/System/Library/Frameworks/ApplicationServices.framework/Versions/A/Frameworks/ColorSync.framework/Versions/A/ColorSync
0x000000000981c000 	/System/Library/Frameworks/ApplicationServices.framework/Versions/A/Frameworks/HIServices.framework/Versions/A/HIServices
0x000000000981c000 	/System/Library/Frameworks/ApplicationServices.framework/Versions/A/Frameworks/LangAnalysis.framework/Versions/A/LangAnalysis
0x000000000981c000 	/System/Library/Frameworks/ApplicationServices.framework/Versions/A/Frameworks/PrintCore.framework/Versions/A/PrintCore
0x000000000981c000 	/System/Library/Frameworks/ApplicationServices.framework/Versions/A/Frameworks/QD.framework/Versions/A/QD
0x000000000981c000 	/System/Library/Frameworks/ApplicationServices.framework/Versions/A/Frameworks/SpeechSynthesis.framework/Versions/A/SpeechSynthesis
0x000000000981c000 	/System/Library/Frameworks/Metal.framework/Versions/A/Metal
0x000000000981c000 	/System/Library/Frameworks/Accelerate.framework/Versions/A/Frameworks/vImage.framework/Versions/A/vImage
0x000000000981c000 	/System/Library/Frameworks/Accelerate.framework/Versions/A/Frameworks/vecLib.framework/Versions/A/vecLib
0x000000000981c000 	/System/Library/Frameworks/Accelerate.framework/Versions/A/Frameworks/vecLib.framework/Versions/A/libvDSP.dylib
0x000000000981c000 	/System/Library/Frameworks/Accelerate.framework/Versions/A/Frameworks/vecLib.framework/Versions/A/libvMisc.dylib
0x000000000981c000 	/System/Library/Frameworks/Accelerate.framework/Versions/A/Frameworks/vecLib.framework/Versions/A/libLAPACK.dylib
0x000000000981c000 	/System/Library/Frameworks/Accelerate.framework/Versions/A/Frameworks/vecLib.framework/Versions/A/libBLAS.dylib
0x000000000981c000 	/System/Library/Frameworks/Accelerate.framework/Versions/A/Frameworks/vecLib.framework/Versions/A/libLinearAlgebra.dylib
0x000000000981c000 	/System/Library/Frameworks/Accelerate.framework/Versions/A/Frameworks/vecLib.framework/Versions/A/libSparseBLAS.dylib
0x000000000981c000 	/System/Library/PrivateFrameworks/GPUCompiler.framework/libmetal_timestamp.dylib
0x000000000981c000 	/System/Library/Frameworks/OpenGL.framework/Versions/A/Libraries/libCoreFSCache.dylib
0x000000000981c000 	/System/Library/PrivateFrameworks/IOAccelerator.framework/Versions/A/IOAccelerator
0x000000000981c000 	/System/Library/Frameworks/ApplicationServices.framework/Versions/A/Frameworks/ATS.framework/Versions/A/Resources/libFontParser.dylib
0x000000000981c000 	/System/Library/Frameworks/ApplicationServices.framework/Versions/A/Frameworks/ATS.framework/Versions/A/Resources/libFontRegistry.dylib
0x000000000981c000 	/System/Library/PrivateFrameworks/AppleVPA.framework/Versions/A/AppleVPA
0x000000000981c000 	/System/Library/PrivateFrameworks/AppleJPEG.framework/Versions/A/AppleJPEG
0x000000000981c000 	/System/Library/Frameworks/ImageIO.framework/Versions/A/Resources/libJPEG.dylib
0x000000000981c000 	/System/Library/Frameworks/ImageIO.framework/Versions/A/Resources/libTIFF.dylib
0x000000000981c000 	/System/Library/Frameworks/ImageIO.framework/Versions/A/Resources/libPng.dylib
0x000000000981c000 	/System/Library/Frameworks/ImageIO.framework/Versions/A/Resources/libGIF.dylib
0x000000000981c000 	/System/Library/Frameworks/ImageIO.framework/Versions/A/Resources/libJP2.dylib
0x000000000981c000 	/System/Library/Frameworks/ImageIO.framework/Versions/A/Resources/libRadiance.dylib
0x000000000981c000 	/System/Library/Frameworks/CoreVideo.framework/Versions/A/CoreVideo
0x000000000981c000 	/System/Library/Frameworks/OpenGL.framework/Versions/A/Libraries/libGLU.dylib
0x000000000981c000 	/System/Library/Frameworks/OpenGL.framework/Versions/A/Libraries/libGFXShared.dylib
0x000000000981c000 	/System/Library/Frameworks/OpenGL.framework/Versions/A/Libraries/libGL.dylib
0x000000000981c000 	/System/Library/Frameworks/OpenGL.framework/Versions/A/Libraries/libGLImage.dylib
0x000000000981c000 	/System/Library/Frameworks/OpenGL.framework/Versions/A/Libraries/libCVMSPluginSupport.dylib
0x000000000981c000 	/System/Library/Frameworks/OpenGL.framework/Versions/A/Libraries/libCoreVMClient.dylib
0x000000000981c000 	/usr/lib/libcups.2.dylib
0x000000000981c000 	/System/Library/Frameworks/Kerberos.framework/Versions/A/Kerberos
0x000000000981c000 	/System/Library/Frameworks/GSS.framework/Versions/A/GSS
0x000000000981c000 	/usr/lib/libresolv.9.dylib
0x000000000981c000 	/usr/lib/libiconv.2.dylib
0x000000000981c000 	/System/Library/PrivateFrameworks/Heimdal.framework/Versions/A/Heimdal
0x000000000981c000 	/usr/lib/libheimdal-asn1.dylib
0x000000000981c000 	/System/Library/Frameworks/OpenDirectory.framework/Versions/A/OpenDirectory
0x000000000981c000 	/System/Library/PrivateFrameworks/CommonAuth.framework/Versions/A/CommonAuth
0x000000000981c000 	/System/Library/Frameworks/OpenDirectory.framework/Versions/A/Frameworks/CFOpenDirectory.framework/Versions/A/CFOpenDirectory
0x000000000981c000 	/System/Library/Frameworks/SecurityFoundation.framework/Versions/A/SecurityFoundation
0x000000000981c000 	/System/Library/PrivateFrameworks/LanguageModeling.framework/Versions/A/LanguageModeling
0x000000000981c000 	/usr/lib/libmarisa.dylib
0x000000000981c000 	/usr/lib/libChineseTokenizer.dylib
0x000000000981c000 	/usr/lib/libcmph.dylib
0x000000000981c000 	/usr/lib/libcompression.dylib
0x000000000981c000 	/System/Library/Frameworks/ServiceManagement.framework/Versions/A/ServiceManagement
0x000000000981c000 	/usr/lib/libxslt.1.dylib
0x000000000981c000 	/System/Library/Frameworks/Carbon.framework/Versions/A/Frameworks/Ink.framework/Versions/A/Ink
0x000000000981c000 	/usr/lib/libFosl_dynamic.dylib
0x000000000981c000 	/System/Library/PrivateFrameworks/FaceCore.framework/Versions/A/FaceCore
0x000000000981c000 	/System/Library/Frameworks/OpenCL.framework/Versions/A/OpenCL
0x000000000981c000 	/System/Library/PrivateFrameworks/CrashReporterSupport.framework/Versions/A/CrashReporterSupport
0x000000000981c000 	/System/Library/PrivateFrameworks/IconServices.framework/Versions/A/IconServices
0x000000000981c000 	/System/Library/PrivateFrameworks/Apple80211.framework/Versions/A/Apple80211
0x000000000981c000 	/System/Library/Frameworks/CoreWLAN.framework/Versions/A/CoreWLAN
0x000000000981c000 	/System/Library/Frameworks/IOBluetooth.framework/Versions/A/IOBluetooth
0x000000000981c000 	/System/Library/PrivateFrameworks/CoreWiFi.framework/Versions/A/CoreWiFi
0x000000000981c000 	/System/Library/Frameworks/CoreBluetooth.framework/Versions/A/CoreBluetooth
0x000000000981c000 	/System/Library/PrivateFrameworks/ChunkingLibrary.framework/Versions/A/ChunkingLibrary
0x000000000981c000 	/System/Library/PrivateFrameworks/DebugSymbols.framework/Versions/A/DebugSymbols
0x000000000981c000 	/System/Library/PrivateFrameworks/CoreSymbolication.framework/Versions/A/CoreSymbolication
0x000000000981c000 	/System/Library/PrivateFrameworks/Symbolication.framework/Versions/A/Symbolication
0x000000000981c000 	/System/Library/PrivateFrameworks/SpeechRecognitionCore.framework/Versions/A/SpeechRecognitionCore
0x000000010c600000 	/Library/Java/JavaVirtualMachines/jdk1.8.0_25.jdk/Contents/Home/jre/lib/server/libjvm.dylib
0x000000000981c000 	/usr/lib/libstdc++.6.dylib
0x000000010b580000 	/Library/Java/JavaVirtualMachines/jdk1.8.0_25.jdk/Contents/Home/jre/lib/libverify.dylib
0x000000010b58e000 	/Library/Java/JavaVirtualMachines/jdk1.8.0_25.jdk/Contents/Home/jre/lib/libjava.dylib
0x000000010b5cc000 	/Library/Java/JavaVirtualMachines/jdk1.8.0_25.jdk/Contents/Home/jre/lib/libzip.dylib
0x00000001285a6000 	/System/Library/Frameworks/JavaVM.framework/Frameworks/JavaRuntimeSupport.framework/JavaRuntimeSupport
0x00000001285c1000 	/System/Library/Frameworks/JavaVM.framework/Versions/A/Frameworks/JavaNativeFoundation.framework/Versions/A/JavaNativeFoundation
0x00000001285d6000 	/System/Library/Frameworks/JavaVM.framework/Versions/A/JavaVM
0x000000000981c000 	/System/Library/Frameworks/Carbon.framework/Versions/A/Carbon
0x00000001285e3000 	/System/Library/PrivateFrameworks/JavaLaunching.framework/Versions/A/JavaLaunching
0x000000000981c000 	/System/Library/Frameworks/Carbon.framework/Versions/A/Frameworks/CommonPanels.framework/Versions/A/CommonPanels
0x000000000981c000 	/System/Library/Frameworks/Carbon.framework/Versions/A/Frameworks/Help.framework/Versions/A/Help
0x000000000981c000 	/System/Library/Frameworks/Carbon.framework/Versions/A/Frameworks/ImageCapture.framework/Versions/A/ImageCapture
0x000000000981c000 	/System/Library/Frameworks/Carbon.framework/Versions/A/Frameworks/OpenScripting.framework/Versions/A/OpenScripting
0x000000000981c000 	/System/Library/Frameworks/Carbon.framework/Versions/A/Frameworks/Print.framework/Versions/A/Print
0x000000000981c000 	/System/Library/Frameworks/Carbon.framework/Versions/A/Frameworks/SecurityHI.framework/Versions/A/SecurityHI
0x0000000129f1d000 	/Library/Java/JavaVirtualMachines/jdk1.8.0_25.jdk/Contents/Home/jre/lib/libawt.dylib
0x0000000129fcc000 	/Library/Java/JavaVirtualMachines/jdk1.8.0_25.jdk/Contents/Home/jre/lib/./libmlib_image.dylib
0x000000012a098000 	/Library/Java/JavaVirtualMachines/jdk1.8.0_25.jdk/Contents/Home/jre/lib/libawt_lwawt.dylib
0x000000012a14b000 	/Library/Java/JavaVirtualMachines/jdk1.8.0_25.jdk/Contents/Home/jre/lib/./libosxapp.dylib
0x000000000981c000 	/System/Library/Frameworks/ExceptionHandling.framework/Versions/A/ExceptionHandling
0x000000000981c000 	/System/Library/PrivateFrameworks/CoreServicesInternal.framework/Versions/A/CoreServicesInternal
0x000000000981c000 	/System/Library/Frameworks/CoreGraphics.framework/Versions/A/Resources/libRIP.A.dylib
0x000000000981c000 	/System/Library/Frameworks/Accelerate.framework/Versions/A/Frameworks/vImage.framework/Versions/A/Libraries/libCGInterfaces.dylib
0x000000000981c000 	/System/Library/Frameworks/CoreGraphics.framework/Versions/A/Resources/libCGXType.A.dylib
0x000000000981c000 	/System/Library/Frameworks/OpenCL.framework/Versions/A/Libraries/libcldcpuengine.dylib
0x000000000981c000 	/System/Library/PrivateFrameworks/DiskImages.framework/Versions/A/DiskImages
0x000000000981c000 	/System/Library/Frameworks/DiscRecording.framework/Versions/A/DiscRecording
0x000000000981c000 	/usr/lib/libcsfde.dylib
0x000000000981c000 	/usr/lib/libcurl.4.dylib
0x000000000981c000 	/System/Library/PrivateFrameworks/MediaKit.framework/Versions/A/MediaKit
0x000000000981c000 	/System/Library/PrivateFrameworks/ProtectedCloudStorage.framework/Versions/A/ProtectedCloudStorage
0x000000000981c000 	/usr/lib/libCoreStorage.dylib
0x000000000981c000 	/System/Library/PrivateFrameworks/EFILogin.framework/Versions/A/EFILogin
0x000000000981c000 	/usr/lib/libutil.dylib
0x000000000981c000 	/System/Library/PrivateFrameworks/FindMyDevice.framework/Versions/A/FindMyDevice
0x000000000981c000 	/System/Library/Frameworks/LDAP.framework/Versions/A/LDAP
0x000000000981c000 	/usr/lib/libsasl2.2.dylib
0x000000000981c000 	/System/Library/PrivateFrameworks/CoreDaemon.framework/Versions/B/CoreDaemon
0x000000000981c000 	/usr/lib/libcrypto.0.9.8.dylib
0x000000000981c000 	/System/Library/PrivateFrameworks/AppleSRP.framework/Versions/A/AppleSRP
0x000000000981c000 	/System/Library/PrivateFrameworks/TrustEvaluationAgent.framework/Versions/A/TrustEvaluationAgent
0x000000012b15d000 	cl_kernels
0x000000000981c000 	/System/Library/Frameworks/OpenCL.framework/Versions/A/Libraries/ImageFormats/unorm8_bgra.dylib
0x000000000981c000 	/System/Library/Frameworks/OpenCL.framework/Versions/A/Libraries/ImageFormats/unorm8_rgba.dylib
0x000000000981c000 	/System/Library/PrivateFrameworks/FamilyControls.framework/Versions/A/FamilyControls
0x000000000981c000 	/System/Library/PrivateFrameworks/CommerceKit.framework/Versions/A/Frameworks/CommerceCore.framework/Versions/A/CommerceCore
0x000000000981c000 	/System/Library/PrivateFrameworks/SystemAdministration.framework/Versions/A/SystemAdministration
0x000000000981c000 	/System/Library/PrivateFrameworks/AppContainer.framework/Versions/A/AppContainer
0x000000000981c000 	/System/Library/PrivateFrameworks/SecCodeWrapper.framework/Versions/A/SecCodeWrapper
0x000000000981c000 	/System/Library/Frameworks/DirectoryService.framework/Versions/A/DirectoryService
0x000000000981c000 	/System/Library/PrivateFrameworks/LoginUIKit.framework/Versions/A/Frameworks/LoginUICore.framework/Versions/A/LoginUICore
0x000000000981c000 	/usr/lib/libodfde.dylib
0x000000012cc1a000 	/Library/Java/JavaVirtualMachines/jdk1.8.0_25.jdk/Contents/Home/jre/lib/libfontmanager.dylib
0x000000012cc81000 	/Users/ianberger/Library/lwjgl-2.9.2/native/macosx/liblwjgl.dylib
0x000000012aaf3000 	/Library/Java/JavaVirtualMachines/jdk1.8.0_25.jdk/Contents/Home/jre/lib/libjawt.dylib
0x000000000981c000 	/System/Library/Frameworks/OpenGL.framework/Versions/A/Resources/GLEngine.bundle/GLEngine
0x000000000981c000 	/System/Library/Frameworks/OpenGL.framework/Versions/A/Libraries/libGLProgrammability.dylib
0x000000012cd03000 	/System/Library/Extensions/AppleIntelHD4000GraphicsGLDriver.bundle/Contents/MacOS/AppleIntelHD4000GraphicsGLDriver
0x000000000981c000 	/System/Library/PrivateFrameworks/GPUSupport.framework/Versions/A/Libraries/libGPUSupportMercury.dylib
0x0000000000000000 	/System/Library/Extensions/GeForceGLDriver.bundle/Contents/MacOS/GeForceGLDriver
0x000000000981c000 	/System/Library/Extensions/GeForceGLDriver.bundle/Contents/MacOS/libclh.dylib
0x000000000981c000 	/System/Library/Frameworks/OpenGL.framework/Versions/A/Resources/GLRendererFloat.bundle/GLRendererFloat

VM Arguments:
jvm_args: -Dfile.encoding=UTF-8 -Djava.library.path=/Users/ianberger/Library/lwjgl-2.9.2/native/macosx 
java_command: cs.pkg445.program.pkg1.Basic
java_class_path (initial): /Users/ianberger/Library/lwjgl-2.9.2/jar/jinput.jar:/Users/ianberger/Library/lwjgl-2.9.2/jar/lwjgl.jar:/Users/ianberger/Library/lwjgl-2.9.2/jar/lwjgl_util.jar:/Users/ianberger/Desktop/CS 445 Program 1/build/classes
Launcher Type: SUN_STANDARD

Environment Variables:
PATH=/usr/bin:/bin:/usr/sbin:/sbin
LD_LIBRARY_PATH=/Library/Java/JavaVirtualMachines/jdk1.8.0_25.jdk/Contents/Home/jre/lib/amd64:/Library/Java/JavaVirtualMachines/jdk1.8.0_25.jdk/Contents/Home/jre/lib/i386:
SHELL=/bin/bash
DISPLAY=/private/tmp/com.apple.launchd.LoOgJutRmL/org.macosforge.xquartz:0

Signal Handlers:
SIGSEGV: [libjvm.dylib+0x579dc7], sa_mask[0]=11111111011111110111111111111111, sa_flags=SA_ONSTACK|SA_RESTART|SA_SIGINFO
SIGBUS: [libjvm.dylib+0x579dc7], sa_mask[0]=11111111011111110111111111111111, sa_flags=SA_RESTART|SA_SIGINFO
SIGFPE: [libjvm.dylib+0x45b030], sa_mask[0]=11111111011111110111111111111111, sa_flags=SA_RESTART|SA_SIGINFO
SIGPIPE: [libjvm.dylib+0x45b030], sa_mask[0]=11111111011111110111111111111111, sa_flags=SA_RESTART|SA_SIGINFO
SIGXFSZ: [libjvm.dylib+0x45b030], sa_mask[0]=11111111011111110111111111111111, sa_flags=SA_RESTART|SA_SIGINFO
SIGILL: [libjvm.dylib+0x45b030], sa_mask[0]=11111111011111110111111111111111, sa_flags=SA_RESTART|SA_SIGINFO
SIGUSR1: SIG_DFL, sa_mask[0]=00000000000000000000000000000000, sa_flags=none
SIGUSR2: [libjvm.dylib+0x45ab4e], sa_mask[0]=00100000000000000000000000000000, sa_flags=SA_RESTART|SA_SIGINFO
SIGHUP: [libjvm.dylib+0x459121], sa_mask[0]=11111111011111110111111111111111, sa_flags=SA_RESTART|SA_SIGINFO
SIGINT: SIG_IGN, sa_mask[0]=00000000000000000000000000000000, sa_flags=none
SIGTERM: [libjvm.dylib+0x459121], sa_mask[0]=11111111011111110111111111111111, sa_flags=SA_RESTART|SA_SIGINFO
SIGQUIT: [libjvm.dylib+0x459121], sa_mask[0]=11111111011111110111111111111111, sa_flags=SA_RESTART|SA_SIGINFO


---------------  S Y S T E M  ---------------

OS:Bsduname:Darwin 15.0.0 Darwin Kernel Version 15.0.0: Wed Aug 26 19:41:34 PDT 2015; root:xnu-3247.1.106~5/RELEASE_X86_64 x86_64
rlimit: STACK 8192k, CORE 0k, NPROC 709, NOFILE 10240, AS infinity
load average:1.64 1.73 1.82

CPU:total 8 (4 cores per cpu, 2 threads per core) family 6 model 58 stepping 9, cmov, cx8, fxsr, mmx, sse, sse2, sse3, ssse3, sse4.1, sse4.2, popcnt, avx, aes, clmul, erms, ht, tsc, tscinvbit, tscinv

Memory: 4k page, physical 16777216k(241924k free)

/proc/meminfo:


vm_info: Java HotSpot(TM) 64-Bit Server VM (25.25-b02) for bsd-amd64 JRE (1.8.0_25-b17), built on Sep 17 2014 16:56:50 by "java_re" with gcc 4.2.1 (Based on Apple Inc. build 5658) (LLVM build 2336.11.00)

time: Tue Apr  5 17:33:01 2016
elapsed time: 12 seconds (0d 0h 0m 12s)

