#
# A fatal error has been detected by the Java Runtime Environment:
#
#  SIGSEGV (0xb) at pc=0x00007fff8d811e5d, pid=6370, tid=2571
#
# JRE version: Java(TM) SE Runtime Environment (8.0_25-b17) (build 1.8.0_25-b17)
# Java VM: Java HotSpot(TM) 64-Bit Server VM (25.25-b02 mixed mode bsd-amd64 compressed oops)
# Problematic frame:
# C  [libobjc.A.dylib+0x7e5d]  objc_msgSend+0x1d
#
# Failed to write core dump. Core dumps have been disabled. To enable core dumping, try "ulimit -c unlimited" before starting Java again
#
# If you would like to submit a bug report, please visit:
#   http://bugreport.sun.com/bugreport/crash.jsp
# The crash happened outside the Java Virtual Machine in native code.
# See problematic frame for where to report the bug.
#

---------------  T H R E A D  ---------------

Current thread (0x00007fa72209a000):  JavaThread "AppKit Thread" daemon [_thread_in_native, id=2571, stack(0x00007fff5a51e000,0x00007fff5ad1e000)]

siginfo: si_signo: 11 (SIGSEGV), si_code: 1 (SEGV_MAPERR), si_addr: 0x0000000000000018

Registers:
RAX=0x0000000000000000, RBX=0x00007fa72163be30, RCX=0x0000000124cbace0, RDX=0x0000000000000000
RSP=0x00007fff5ad19528, RBP=0x00007fff5ad19550, RSI=0x00007fff94774ce1, RDI=0x00007fa72164c1d0
R8 =0x00007fa724822200, R9 =0xffffffffffffffff, R10=0x00007fff94774ce1, R11=0x0000000000000000
R12=0x0000000000000094, R13=0x00007fa723a294a0, R14=0x00007fa72164c1d0, R15=0x0000000000000000
RIP=0x00007fff8d811e5d, EFLAGS=0x0000000000010246, ERR=0x0000000000000004
  TRAPNO=0x000000000000000e

Top of Stack: (sp=0x00007fff5ad19528)
0x00007fff5ad19528:   0000000126873598 00007fa72163be30
0x00007fff5ad19538:   00000001268a7c60 00007fa723a294a0
0x00007fff5ad19548:   00007fa72163be30 00007fff5ad19a30
0x00007fff5ad19558:   00007fff93e96b5b 0000000000000000
0x00007fff5ad19568:   0000000000000000 4084000000000000
0x00007fff5ad19578:   407e000000000000 